# JRE version: OpenJDK Runtime Environment Temurin-21.0.7+6 (21.0.7+6) (build 21.0.7+6-LTS)
# Java VM: OpenJDK 64-Bit Server VM Temurin-21.0.7+6 (21.0.7+6-LTS, mixed mode, sharing, tiered, compressed oops, compressed class ptrs, parallel gc, windows-amd64)
GC Precious Log:
 CardTable entry size: 512
 CPUs: 16 total, 16 available
 Memory: 14181M
 Large Page Support: Disabled
 NUMA Support: Disabled
 Compressed Oops: Enabled (32-bit)
 Alignments: Space 512K, Generation 512K, Heap 2M
 Heap Min Capacity: 100M
 Heap Initial Capacity: 100M
 Heap Max Capacity: 1G
 Pre-touch: Disabled
 Parallel Workers: 13
Heap:
 PSYoungGen      total 5632K, used 3427K [0x00000000eab00000, 0x00000000eb280000, 0x0000000100000000)
  eden space 5120K, 60% used [0x00000000eab00000,0x00000000eae00c38,0x00000000eb000000)
  from space 512K, 68% used [0x00000000eb100000,0x00000000eb158000,0x00000000eb180000)
  to   space 1024K, 0% used [0x00000000eb180000,0x00000000eb180000,0x00000000eb280000)
 ParOldGen       total 548352K, used 548301K [0x00000000c0000000, 0x00000000e1780000, 0x00000000eab00000)
  object space 548352K, 99% used [0x00000000c0000000,0x00000000e17736b8,0x00000000e1780000)
 Metaspace       used 55514K, committed 56896K, reserved 1114112K
  class space    used 5780K, committed 6400K, reserved 1048576K
GC Heap History (20 events):
Event: 34.192 GC heap before
{Heap before GC invocations=529 (full 2):
 PSYoungGen      total 2560K, used 2440K [0x00000000eab00000, 0x00000000eb300000, 0x0000000100000000)
  eden space 1536K, 93% used [0x00000000eab00000,0x00000000eac666d8,0x00000000eac80000)
  from space 1024K, 98% used [0x00000000eaf00000,0x00000000eaffb9a8,0x00000000eb000000)
  to   space 2560K, 0% used [0x00000000eac80000,0x00000000eac80000,0x00000000eaf00000)
 ParOldGen       total 540672K, used 540378K [0x00000000c0000000, 0x00000000e1000000, 0x00000000eab00000)
  object space 540672K, 99% used [0x00000000c0000000,0x00000000e0fb6b80,0x00000000e1000000)
 Metaspace       used 54428K, committed 55808K, reserved 1114112K
  class space    used 5685K, committed 6336K, reserved 1048576K
}
Event: 34.194 GC heap after
{Heap after GC invocations=529 (full 2):
 PSYoungGen      total 4096K, used 1158K [0x00000000eab00000, 0x00000000eb100000, 0x0000000100000000)
  eden space 1536K, 0% used [0x00000000eab00000,0x00000000eab00000,0x00000000eac80000)
  from space 2560K, 45% used [0x00000000eac80000,0x00000000eada1810,0x00000000eaf00000)
  to   space 1536K, 0% used [0x00000000eaf80000,0x00000000eaf80000,0x00000000eb100000)
 ParOldGen       total 541184K, used 541007K [0x00000000c0000000, 0x00000000e1080000, 0x00000000eab00000)
  object space 541184K, 99% used [0x00000000c0000000,0x00000000e1053ec0,0x00000000e1080000)
 Metaspace       used 54428K, committed 55808K, reserved 1114112K
  class space    used 5685K, committed 6336K, reserved 1048576K
}
Event: 34.198 GC heap before
{Heap before GC invocations=530 (full 2):
 PSYoungGen      total 4096K, used 2694K [0x00000000eab00000, 0x00000000eb100000, 0x0000000100000000)
  eden space 1536K, 100% used [0x00000000eab00000,0x00000000eac80000,0x00000000eac80000)
  from space 2560K, 45% used [0x00000000eac80000,0x00000000eada1810,0x00000000eaf00000)
  to   space 1536K, 0% used [0x00000000eaf80000,0x00000000eaf80000,0x00000000eb100000)
 ParOldGen       total 541184K, used 541071K [0x00000000c0000000, 0x00000000e1080000, 0x00000000eab00000)
  object space 541184K, 99% used [0x00000000c0000000,0x00000000e1063e28,0x00000000e1080000)
 Metaspace       used 54430K, committed 55808K, reserved 1114112K
  class space    used 5685K, committed 6336K, reserved 1048576K
}
Event: 34.199 GC heap after
{Heap after GC invocations=530 (full 2):
 PSYoungGen      total 2560K, used 480K [0x00000000eab00000, 0x00000000eb000000, 0x0000000100000000)
  eden space 2048K, 0% used [0x00000000eab00000,0x00000000eab00000,0x00000000ead00000)
  from space 512K, 93% used [0x00000000eaf80000,0x00000000eaff8000,0x00000000eb000000)
  to   space 1024K, 0% used [0x00000000eae00000,0x00000000eae00000,0x00000000eaf00000)
 ParOldGen       total 542720K, used 542252K [0x00000000c0000000, 0x00000000e1200000, 0x00000000eab00000)
  object space 542720K, 99% used [0x00000000c0000000,0x00000000e118b338,0x00000000e1200000)
 Metaspace       used 54430K, committed 55808K, reserved 1114112K
  class space    used 5685K, committed 6336K, reserved 1048576K
}
Event: 34.201 GC heap before
{Heap before GC invocations=531 (full 2):
 PSYoungGen      total 2560K, used 2528K [0x00000000eab00000, 0x00000000eb000000, 0x0000000100000000)
  eden space 2048K, 100% used [0x00000000eab00000,0x00000000ead00000,0x00000000ead00000)
  from space 512K, 93% used [0x00000000eaf80000,0x00000000eaff8000,0x00000000eb000000)
  to   space 1024K, 0% used [0x00000000eae00000,0x00000000eae00000,0x00000000eaf00000)
 ParOldGen       total 542720K, used 542252K [0x00000000c0000000, 0x00000000e1200000, 0x00000000eab00000)
  object space 542720K, 99% used [0x00000000c0000000,0x00000000e118b338,0x00000000e1200000)
 Metaspace       used 54434K, committed 55808K, reserved 1114112K
  class space    used 5685K, committed 6336K, reserved 1048576K
}
Event: 34.203 GC heap after
{Heap after GC invocations=531 (full 2):
 PSYoungGen      total 3584K, used 1000K [0x00000000eab00000, 0x00000000eb180000, 0x0000000100000000)
  eden space 2560K, 0% used [0x00000000eab00000,0x00000000eab00000,0x00000000ead80000)
  from space 1024K, 97% used [0x00000000eae00000,0x00000000eaefa2d0,0x00000000eaf00000)
  to   space 2048K, 0% used [0x00000000eaf80000,0x00000000eaf80000,0x00000000eb180000)
 ParOldGen       total 543232K, used 542843K [0x00000000c0000000, 0x00000000e1280000, 0x00000000eab00000)
  object space 543232K, 99% used [0x00000000c0000000,0x00000000e121ef18,0x00000000e1280000)
 Metaspace       used 54434K, committed 55808K, reserved 1114112K
  class space    used 5685K, committed 6336K, reserved 1048576K
}
Event: 34.207 GC heap before
{Heap before GC invocations=532 (full 2):
 PSYoungGen      total 3584K, used 3560K [0x00000000eab00000, 0x00000000eb180000, 0x0000000100000000)
  eden space 2560K, 100% used [0x00000000eab00000,0x00000000ead80000,0x00000000ead80000)
  from space 1024K, 97% used [0x00000000eae00000,0x00000000eaefa2d0,0x00000000eaf00000)
  to   space 2048K, 0% used [0x00000000eaf80000,0x00000000eaf80000,0x00000000eb180000)
 ParOldGen       total 543232K, used 542843K [0x00000000c0000000, 0x00000000e1280000, 0x00000000eab00000)
  object space 543232K, 99% used [0x00000000c0000000,0x00000000e121ef18,0x00000000e1280000)
 Metaspace       used 54437K, committed 55808K, reserved 1114112K
  class space    used 5685K, committed 6336K, reserved 1048576K
}
Event: 34.209 GC heap after
{Heap after GC invocations=532 (full 2):
 PSYoungGen      total 4608K, used 1494K [0x00000000eab00000, 0x00000000eb100000, 0x0000000100000000)
  eden space 3072K, 0% used [0x00000000eab00000,0x00000000eab00000,0x00000000eae00000)
  from space 1536K, 97% used [0x00000000eaf80000,0x00000000eb0f5938,0x00000000eb100000)
  to   space 1536K, 0% used [0x00000000eae00000,0x00000000eae00000,0x00000000eaf80000)
 ParOldGen       total 544256K, used 543805K [0x00000000c0000000, 0x00000000e1380000, 0x00000000eab00000)
  object space 544256K, 99% used [0x00000000c0000000,0x00000000e130f760,0x00000000e1380000)
 Metaspace       used 54437K, committed 55808K, reserved 1114112K
  class space    used 5685K, committed 6336K, reserved 1048576K
}
Event: 34.213 GC heap before
{Heap before GC invocations=533 (full 2):
 PSYoungGen      total 4608K, used 4566K [0x00000000eab00000, 0x00000000eb100000, 0x0000000100000000)
  eden space 3072K, 100% used [0x00000000eab00000,0x00000000eae00000,0x00000000eae00000)
  from space 1536K, 97% used [0x00000000eaf80000,0x00000000eb0f5938,0x00000000eb100000)
  to   space 1536K, 0% used [0x00000000eae00000,0x00000000eae00000,0x00000000eaf80000)
 ParOldGen       total 544256K, used 543805K [0x00000000c0000000, 0x00000000e1380000, 0x00000000eab00000)
  object space 544256K, 99% used [0x00000000c0000000,0x00000000e130f760,0x00000000e1380000)
 Metaspace       used 54437K, committed 55808K, reserved 1114112K
  class space    used 5685K, committed 6336K, reserved 1048576K
}
Event: 34.214 GC heap after
{Heap after GC invocations=533 (full 2):
 PSYoungGen      total 4608K, used 786K [0x00000000eab00000, 0x00000000eb200000, 0x0000000100000000)
  eden space 3072K, 0% used [0x00000000eab00000,0x00000000eab00000,0x00000000eae00000)
  from space 1536K, 51% used [0x00000000eae00000,0x00000000eaec49d8,0x00000000eaf80000)
  to   space 1536K, 0% used [0x00000000eb080000,0x00000000eb080000,0x00000000eb200000)
 ParOldGen       total 544256K, used 544135K [0x00000000c0000000, 0x00000000e1380000, 0x00000000eab00000)
  object space 544256K, 99% used [0x00000000c0000000,0x00000000e1361d00,0x00000000e1380000)
 Metaspace       used 54437K, committed 55808K, reserved 1114112K
  class space    used 5685K, committed 6336K, reserved 1048576K
}
Event: 34.218 GC heap before
{Heap before GC invocations=534 (full 2):
 PSYoungGen      total 4608K, used 3845K [0x00000000eab00000, 0x00000000eb200000, 0x0000000100000000)
  eden space 3072K, 99% used [0x00000000eab00000,0x00000000eadfcc30,0x00000000eae00000)
  from space 1536K, 51% used [0x00000000eae00000,0x00000000eaec49d8,0x00000000eaf80000)
  to   space 1536K, 0% used [0x00000000eb080000,0x00000000eb080000,0x00000000eb200000)
 ParOldGen       total 544256K, used 544135K [0x00000000c0000000, 0x00000000e1380000, 0x00000000eab00000)
  object space 544256K, 99% used [0x00000000c0000000,0x00000000e1361d00,0x00000000e1380000)
 Metaspace       used 54441K, committed 55808K, reserved 1114112K
  class space    used 5685K, committed 6336K, reserved 1048576K
}
Event: 34.220 GC heap after
{Heap after GC invocations=534 (full 2):
 PSYoungGen      total 5632K, used 1287K [0x00000000eab00000, 0x00000000eb200000, 0x0000000100000000)
  eden space 4096K, 0% used [0x00000000eab00000,0x00000000eab00000,0x00000000eaf00000)
  from space 1536K, 83% used [0x00000000eb080000,0x00000000eb1c1d38,0x00000000eb200000)
  to   space 1536K, 0% used [0x00000000eaf00000,0x00000000eaf00000,0x00000000eb080000)
 ParOldGen       total 544768K, used 544319K [0x00000000c0000000, 0x00000000e1400000, 0x00000000eab00000)
  object space 544768K, 99% used [0x00000000c0000000,0x00000000e138fd00,0x00000000e1400000)
 Metaspace       used 54441K, committed 55808K, reserved 1114112K
  class space    used 5685K, committed 6336K, reserved 1048576K
}
Event: 34.225 GC heap before
{Heap before GC invocations=535 (full 2):
 PSYoungGen      total 5632K, used 5368K [0x00000000eab00000, 0x00000000eb200000, 0x0000000100000000)
  eden space 4096K, 99% used [0x00000000eab00000,0x00000000eaefc638,0x00000000eaf00000)
  from space 1536K, 83% used [0x00000000eb080000,0x00000000eb1c1d38,0x00000000eb200000)
  to   space 1536K, 0% used [0x00000000eaf00000,0x00000000eaf00000,0x00000000eb080000)
 ParOldGen       total 544768K, used 544319K [0x00000000c0000000, 0x00000000e1400000, 0x00000000eab00000)
  object space 544768K, 99% used [0x00000000c0000000,0x00000000e138fd00,0x00000000e1400000)
 Metaspace       used 54442K, committed 55808K, reserved 1114112K
  class space    used 5685K, committed 6336K, reserved 1048576K
}
Event: 34.227 GC heap after
{Heap after GC invocations=535 (full 2):
 PSYoungGen      total 5632K, used 631K [0x00000000eab00000, 0x00000000eb200000, 0x0000000100000000)
  eden space 4096K, 0% used [0x00000000eab00000,0x00000000eab00000,0x00000000eaf00000)
  from space 1536K, 41% used [0x00000000eaf00000,0x00000000eaf9dfb0,0x00000000eb080000)
  to   space 1024K, 0% used [0x00000000eb100000,0x00000000eb100000,0x00000000eb200000)
 ParOldGen       total 544768K, used 544511K [0x00000000c0000000, 0x00000000e1400000, 0x00000000eab00000)
  object space 544768K, 99% used [0x00000000c0000000,0x00000000e13bfd00,0x00000000e1400000)
 Metaspace       used 54442K, committed 55808K, reserved 1114112K
  class space    used 5685K, committed 6336K, reserved 1048576K
}
Event: 34.239 GC heap before
{Heap before GC invocations=536 (full 2):
 PSYoungGen      total 5632K, used 4598K [0x00000000eab00000, 0x00000000eb200000, 0x0000000100000000)
  eden space 4096K, 96% used [0x00000000eab00000,0x00000000eaedf998,0x00000000eaf00000)
  from space 1536K, 41% used [0x00000000eaf00000,0x00000000eaf9dfb0,0x00000000eb080000)
  to   space 1024K, 0% used [0x00000000eb100000,0x00000000eb100000,0x00000000eb200000)
 ParOldGen       total 544768K, used 544511K [0x00000000c0000000, 0x00000000e1400000, 0x00000000eab00000)
  object space 544768K, 99% used [0x00000000c0000000,0x00000000e13bfd00,0x00000000e1400000)
 Metaspace       used 54448K, committed 55808K, reserved 1114112K
  class space    used 5685K, committed 6336K, reserved 1048576K
}
Event: 34.242 GC heap after
{Heap after GC invocations=536 (full 2):
 PSYoungGen      total 5120K, used 1020K [0x00000000eab00000, 0x00000000eb400000, 0x0000000100000000)
  eden space 4096K, 0% used [0x00000000eab00000,0x00000000eab00000,0x00000000eaf00000)
  from space 1024K, 99% used [0x00000000eb100000,0x00000000eb1ff180,0x00000000eb200000)
  to   space 2048K, 0% used [0x00000000eaf00000,0x00000000eaf00000,0x00000000eb100000)
 ParOldGen       total 545792K, used 545293K [0x00000000c0000000, 0x00000000e1500000, 0x00000000eab00000)
  object space 545792K, 99% used [0x00000000c0000000,0x00000000e1483550,0x00000000e1500000)
 Metaspace       used 54448K, committed 55808K, reserved 1114112K
  class space    used 5685K, committed 6336K, reserved 1048576K
}
Event: 34.251 GC heap before
{Heap before GC invocations=537 (full 2):
 PSYoungGen      total 5120K, used 5116K [0x00000000eab00000, 0x00000000eb400000, 0x0000000100000000)
  eden space 4096K, 100% used [0x00000000eab00000,0x00000000eaf00000,0x00000000eaf00000)
  from space 1024K, 99% used [0x00000000eb100000,0x00000000eb1ff180,0x00000000eb200000)
  to   space 2048K, 0% used [0x00000000eaf00000,0x00000000eaf00000,0x00000000eb100000)
 ParOldGen       total 545792K, used 545293K [0x00000000c0000000, 0x00000000e1500000, 0x00000000eab00000)
  object space 545792K, 99% used [0x00000000c0000000,0x00000000e1483550,0x00000000e1500000)
 Metaspace       used 54452K, committed 55808K, reserved 1114112K
  class space    used 5685K, committed 6336K, reserved 1048576K
}
Event: 34.254 GC heap after
{Heap after GC invocations=537 (full 2):
 PSYoungGen      total 6144K, used 2007K [0x00000000eab00000, 0x00000000eb500000, 0x0000000100000000)
  eden space 4096K, 0% used [0x00000000eab00000,0x00000000eab00000,0x00000000eaf00000)
  from space 2048K, 98% used [0x00000000eaf00000,0x00000000eb0f5e78,0x00000000eb100000)
  to   space 2560K, 0% used [0x00000000eb280000,0x00000000eb280000,0x00000000eb500000)
 ParOldGen       total 546304K, used 546273K [0x00000000c0000000, 0x00000000e1580000, 0x00000000eab00000)
  object space 546304K, 99% used [0x00000000c0000000,0x00000000e15786e0,0x00000000e1580000)
 Metaspace       used 54452K, committed 55808K, reserved 1114112K
  class space    used 5685K, committed 6336K, reserved 1048576K
}
Event: 34.267 GC heap before
{Heap before GC invocations=538 (full 2):
 PSYoungGen      total 6144K, used 6103K [0x00000000eab00000, 0x00000000eb500000, 0x0000000100000000)
  eden space 4096K, 99% used [0x00000000eab00000,0x00000000eaeffff8,0x00000000eaf00000)
  from space 2048K, 98% used [0x00000000eaf00000,0x00000000eb0f5e78,0x00000000eb100000)
  to   space 2560K, 0% used [0x00000000eb280000,0x00000000eb280000,0x00000000eb500000)
 ParOldGen       total 546304K, used 546273K [0x00000000c0000000, 0x00000000e1580000, 0x00000000eab00000)
  object space 546304K, 99% used [0x00000000c0000000,0x00000000e15786e0,0x00000000e1580000)
 Metaspace       used 54458K, committed 55872K, reserved 1114112K
  class space    used 5685K, committed 6336K, reserved 1048576K
}
Event: 34.269 GC heap after
{Heap after GC invocations=538 (full 2):
 PSYoungGen      total 6144K, used 930K [0x00000000eab00000, 0x00000000eb380000, 0x0000000100000000)
  eden space 5120K, 0% used [0x00000000eab00000,0x00000000eab00000,0x00000000eb000000)
  from space 1024K, 90% used [0x00000000eb280000,0x00000000eb3689e0,0x00000000eb380000)
  to   space 1536K, 0% used [0x00000000eb080000,0x00000000eb080000,0x00000000eb200000)
 ParOldGen       total 546816K, used 546659K [0x00000000c0000000, 0x00000000e1600000, 0x00000000eab00000)
  object space 546816K, 99% used [0x00000000c0000000,0x00000000e15d8de0,0x00000000e1600000)
 Metaspace       used 54458K, committed 55872K, reserved 1114112K
  class space    used 5685K, committed 6336K, reserved 1048576K
}

